0 info it worked if it ends with ok
1 verbose cli [
1 verbose cli   '/var/jenkins_home/tools/jenkins.plugins.nodejs.tools.NodeJSInstallation/NodeJS-14.4.0/bin/node',
1 verbose cli   '/var/jenkins_home/tools/jenkins.plugins.nodejs.tools.NodeJSInstallation/NodeJS-14.4.0/bin/npm',
1 verbose cli   'run',
1 verbose cli   'build'
1 verbose cli ]
2 info using npm@6.14.5
3 info using node@v14.4.0
4 verbose run-script [ 'prebuild', 'build', 'postbuild' ]
5 info lifecycle meet-me-halfway-ui@0.1.0~prebuild: meet-me-halfway-ui@0.1.0
6 info lifecycle meet-me-halfway-ui@0.1.0~build: meet-me-halfway-ui@0.1.0
7 verbose lifecycle meet-me-halfway-ui@0.1.0~build: unsafe-perm in lifecycle true
8 verbose lifecycle meet-me-halfway-ui@0.1.0~build: PATH: /var/jenkins_home/tools/jenkins.plugins.nodejs.tools.NodeJSInstallation/NodeJS-14.4.0/lib/node_modules/npm/node_modules/npm-lifecycle/node-gyp-bin:/var/jenkins_home/workspace/meetmehalfway-ui-ci-build/node_modules/.bin:/var/jenkins_home/tools/jenkins.plugins.nodejs.tools.NodeJSInstallation/NodeJS-14.4.0/bin:/usr/local/openjdk-8/bin:/usr/local/sbin:/usr/local/bin:/usr/sbin:/usr/bin:/sbin:/bin
9 verbose lifecycle meet-me-halfway-ui@0.1.0~build: CWD: /var/jenkins_home/workspace/meetmehalfway-ui-ci-build
10 silly lifecycle meet-me-halfway-ui@0.1.0~build: Args: [ '-c', 'react-scripts build' ]
11 info lifecycle meet-me-halfway-ui@0.1.0~build: Failed to exec build script
12 verbose stack Error: meet-me-halfway-ui@0.1.0 build: `react-scripts build`
12 verbose stack spawn ENOENT
12 verbose stack     at ChildProcess.<anonymous> (/var/jenkins_home/tools/jenkins.plugins.nodejs.tools.NodeJSInstallation/NodeJS-14.4.0/lib/node_modules/npm/node_modules/npm-lifecycle/lib/spawn.js:48:18)
12 verbose stack     at ChildProcess.emit (events.js:315:20)
12 verbose stack     at maybeClose (internal/child_process.js:1051:16)
12 verbose stack     at Process.ChildProcess._handle.onexit (internal/child_process.js:287:5)
13 verbose pkgid meet-me-halfway-ui@0.1.0
14 verbose cwd /var/jenkins_home/workspace/meetmehalfway-ui-ci-build
15 verbose Linux 4.19.76-linuxkit
16 verbose argv "/var/jenkins_home/tools/jenkins.plugins.nodejs.tools.NodeJSInstallation/NodeJS-14.4.0/bin/node" "/var/jenkins_home/tools/jenkins.plugins.nodejs.tools.NodeJSInstallation/NodeJS-14.4.0/bin/npm" "run" "build"
17 verbose node v14.4.0
18 verbose npm  v6.14.5
19 error code ELIFECYCLE
20 error syscall spawn
21 error file sh
22 error errno ENOENT
23 error meet-me-halfway-ui@0.1.0 build: `react-scripts build`
23 error spawn ENOENT
24 error Failed at the meet-me-halfway-ui@0.1.0 build script.
24 error This is probably not a problem with npm. There is likely additional logging output above.
25 verbose exit [ 1, true ]
