Started at Thu Jun 18 09:06:14 UTC 2020
Processing meetmehalfway-backend-ci-build
Offering meetmehalfway-backend-ci-build to Project Build Discarder
Processing meetmehalfway-ui-ci-build
Offering meetmehalfway-ui-ci-build to Project Build Discarder
Finished at Thu Jun 18 09:06:14 UTC 2020. 15ms
Started at Thu Jun 18 10:06:10 UTC 2020
Processing meetmehalfway-backend-ci-build
Offering meetmehalfway-backend-ci-build to Project Build Discarder
Processing meetmehalfway-ui-ci-build
Offering meetmehalfway-ui-ci-build to Project Build Discarder
Finished at Thu Jun 18 10:06:10 UTC 2020. 1ms
Started at Thu Jun 18 11:06:06 UTC 2020
Processing meetmehalfway-backend-ci-build
Offering meetmehalfway-backend-ci-build to Project Build Discarder
Processing meetmehalfway-ui-ci-build
Offering meetmehalfway-ui-ci-build to Project Build Discarder
Finished at Thu Jun 18 11:06:06 UTC 2020. 2ms
Started at Thu Jun 18 12:06:02 UTC 2020
Processing meetmehalfway-backend-ci-build
Offering meetmehalfway-backend-ci-build to Project Build Discarder
Processing meetmehalfway-ui-ci-build
Offering meetmehalfway-ui-ci-build to Project Build Discarder
Finished at Thu Jun 18 12:06:02 UTC 2020. 3ms
Started at Thu Jun 18 13:37:52 UTC 2020
Processing meetmehalfway-backend-ci-build
Offering meetmehalfway-backend-ci-build to Project Build Discarder
Processing meetmehalfway-ui-ci-build
Offering meetmehalfway-ui-ci-build to Project Build Discarder
Finished at Thu Jun 18 13:37:52 UTC 2020. 2ms
Started at Thu Jun 18 14:37:47 UTC 2020
Processing meetmehalfway-backend-ci-build
Offering meetmehalfway-backend-ci-build to Project Build Discarder
Processing meetmehalfway-ui-ci-build
Offering meetmehalfway-ui-ci-build to Project Build Discarder
Finished at Thu Jun 18 14:37:47 UTC 2020. 3ms
Started at Thu Jun 18 15:37:43 UTC 2020
Processing meetmehalfway-backend-ci-build
Offering meetmehalfway-backend-ci-build to Project Build Discarder
Processing meetmehalfway-ui-ci-build
Offering meetmehalfway-ui-ci-build to Project Build Discarder
Finished at Thu Jun 18 15:37:43 UTC 2020. 1ms
